<?xml version="1.0" encoding="UTF-8"?>
<testng-results ignored="0" total="1" passed="1" failed="0" skipped="0">
  <reporter-output>
  </reporter-output>
  <suite started-at="2024-11-23T16:57:06 IST" name="Default suite" finished-at="2024-11-23T16:57:18 IST" duration-ms="11207">
    <groups>
    </groups>
    <test started-at="2024-11-23T16:57:06 IST" name="Default test" finished-at="2024-11-23T16:57:18 IST" duration-ms="11207">
      <class name="task.trail">
        <test-method signature="taskTest()[pri:0, instance:task.trail@313ac989]" started-at="2024-11-23T16:57:06 IST" name="taskTest" finished-at="2024-11-23T16:57:18 IST" duration-ms="11167" status="PASS">
          <reporter-output>
          </reporter-output>
        </test-method> <!-- taskTest -->
      </class> <!-- task.trail -->
    </test> <!-- Default test -->
  </suite> <!-- Default suite -->
</testng-results>
